Apr 30 11:15:57 Updated: libgcc-4.8.5-36.el7_6.2.x86_64
Apr 30 11:15:57 Updated: libstdc++-4.8.5-36.el7_6.2.x86_64
Apr 30 11:15:57 Installed: mpfr-3.1.1-4.el7.x86_64
Apr 30 11:15:57 Installed: libmpc-1.0.1-3.el7.x86_64
Apr 30 11:15:57 Installed: libquadmath-4.8.5-36.el7_6.2.x86_64
Apr 30 11:15:57 Installed: apr-1.4.8-3.el7_4.1.x86_64
Apr 30 11:15:57 Installed: m4-1.4.16-10.el7.x86_64
Apr 30 11:15:57 Installed: apr-util-1.5.2-6.el7.x86_64
Apr 30 11:15:57 Installed: boost-system-1.53.0-27.el7.x86_64
Apr 30 11:15:57 Installed: unzip-6.0-19.el7.x86_64
Apr 30 11:15:57 Installed: zip-3.0-11.el7.x86_64
Apr 30 11:15:57 Installed: patch-2.7.1-10.el7_5.x86_64
Apr 30 11:15:57 Installed: perl-Thread-Queue-3.02-2.el7.noarch
Apr 30 11:15:57 Installed: avahi-libs-0.6.31-19.el7.x86_64
Apr 30 11:15:57 Installed: boost-thread-1.53.0-27.el7.x86_64
Apr 30 11:15:58 Installed: libgfortran-4.8.5-36.el7_6.2.x86_64
Apr 30 11:15:59 Installed: cpp-4.8.5-36.el7_6.2.x86_64
Apr 30 11:15:59 Installed: libmodman-2.0.1-8.el7.x86_64
Apr 30 11:15:59 Installed: libproxy-0.4.11-11.el7.x86_64
Apr 30 11:16:00 Installed: libstdc++-devel-4.8.5-36.el7_6.2.x86_64
Apr 30 11:16:00 Installed: boost-date-time-1.53.0-27.el7.x86_64
Apr 30 11:16:00 Installed: elfutils-0.172-2.el7.x86_64
Apr 30 11:16:01 Installed: gdb-7.6.1-114.el7.x86_64
Apr 30 11:16:01 Installed: pakchois-0.4-10.el7.x86_64
Apr 30 11:16:01 Installed: dwz-0.11-3.el7.x86_64
Apr 30 11:16:01 Installed: efivar-libs-36-11.el7_6.1.x86_64
Apr 30 11:16:01 Installed: mokutil-15-2.el7.centos.x86_64
Apr 30 11:16:01 Installed: bzip2-1.0.6-13.el7.x86_64
Apr 30 11:16:01 Installed: perl-Data-Dumper-2.145-3.el7.x86_64
Apr 30 11:16:01 Installed: autoconf-2.69-11.el7.noarch
Apr 30 11:16:01 Installed: perl-srpm-macros-1-8.el7.noarch
Apr 30 11:16:01 Installed: redhat-rpm-config-9.1.0-87.el7.centos.noarch
Apr 30 11:16:01 Installed: gettext-common-devel-0.19.8.1-2.el7.noarch
Apr 30 11:16:02 Installed: gettext-devel-0.19.8.1-2.el7.x86_64
Apr 30 11:16:02 Updated: libgomp-4.8.5-36.el7_6.2.x86_64
Apr 30 11:16:02 Installed: perl-Test-Harness-3.28-3.el7.noarch
Apr 30 11:16:02 Installed: automake-1.13.4-3.el7.noarch
Apr 30 11:16:02 Installed: nettle-2.7.1-8.el7.x86_64
Apr 30 11:16:04 Installed: kernel-headers-3.10.0-957.12.1.el7.x86_64
Apr 30 11:16:05 Installed: glibc-headers-2.17-260.el7_6.4.x86_64
Apr 30 11:16:05 Installed: glibc-devel-2.17-260.el7_6.4.x86_64
Apr 30 11:16:07 Installed: gcc-4.8.5-36.el7_6.2.x86_64
Apr 30 11:16:08 Installed: libquadmath-devel-4.8.5-36.el7_6.2.x86_64
Apr 30 11:16:08 Installed: 1:emacs-filesystem-24.3-22.el7.noarch
Apr 30 11:16:08 Installed: libdwarf-20130207-4.el7.x86_64
Apr 30 11:16:08 Installed: dyninst-9.3.1-2.el7.x86_64
Apr 30 11:16:09 Installed: systemtap-runtime-3.3-3.el7.x86_64
Apr 30 11:16:11 Installed: systemtap-client-3.3-3.el7.x86_64
Apr 30 11:16:11 Installed: perl-XML-Parser-2.41-10.el7.x86_64
Apr 30 11:16:49 Installed: kernel-debug-devel-3.10.0-957.12.1.el7.x86_64
Apr 30 11:16:50 Installed: systemtap-devel-3.3-3.el7.x86_64
Apr 30 11:16:50 Installed: trousers-0.3.14-2.el7.x86_64
Apr 30 11:16:50 Installed: gnutls-3.3.29-9.el7_6.x86_64
Apr 30 11:16:50 Installed: neon-0.30.0-3.el7.x86_64
Apr 30 11:16:50 Installed: subversion-libs-1.7.14-14.el7.x86_64
Apr 30 11:16:51 Installed: subversion-1.7.14-14.el7.x86_64
Apr 30 11:16:51 Installed: systemtap-3.3-3.el7.x86_64
Apr 30 11:16:51 Installed: intltool-0.50.2-7.el7.noarch
Apr 30 11:16:51 Installed: cscope-15.8-10.el7.x86_64
Apr 30 11:16:52 Installed: gcc-gfortran-4.8.5-36.el7_6.2.x86_64
Apr 30 11:16:53 Installed: libtool-2.4.2-22.el7_3.x86_64
Apr 30 11:16:54 Installed: gcc-c++-4.8.5-36.el7_6.2.x86_64
Apr 30 11:16:54 Installed: rpm-build-4.11.3-35.el7.x86_64
Apr 30 11:16:54 Installed: flex-2.5.37-6.el7.x86_64
Apr 30 11:16:55 Installed: bison-3.0.4-2.el7.x86_64
Apr 30 11:16:57 Installed: 1:doxygen-1.8.5-3.el7.x86_64
Apr 30 11:16:58 Installed: swig-2.0.10-5.el7.x86_64
Apr 30 11:16:58 Installed: diffstat-1.57-4.el7.x86_64
Apr 30 11:16:58 Installed: patchutils-0.3.3-4.el7.x86_64
Apr 30 11:16:58 Installed: indent-2.2.11-13.el7.x86_64
Apr 30 11:16:58 Installed: rpm-sign-4.11.3-35.el7.x86_64
Apr 30 11:16:58 Installed: rcs-5.9.0-5.el7.x86_64
Apr 30 11:16:58 Installed: byacc-1.9.20130304-3.el7.x86_64
Apr 30 11:16:58 Installed: ctags-5.8-13.el7.x86_64
Apr 30 11:17:20 Installed: ncurses-devel-5.9-14.20130511.el7_4.x86_64
Apr 30 11:17:32 Installed: zlib-devel-1.2.7-18.el7.x86_64
Apr 30 11:17:32 Installed: elfutils-libelf-devel-0.172-2.el7.x86_64
Apr 30 11:17:32 Installed: binutils-devel-2.27-34.base.el7.x86_64
Apr 30 11:17:32 Installed: hmaccalc-0.9.13-4.el7.x86_64
Apr 30 12:14:20 Installed: libcom_err-devel-1.42.9-13.el7.x86_64
Apr 30 12:14:20 Installed: libsepol-devel-2.5-10.el7.x86_64
Apr 30 12:14:20 Installed: pcre-devel-8.32-17.el7.x86_64
Apr 30 12:14:21 Installed: libselinux-devel-2.5-14.1.el7.x86_64
Apr 30 12:14:21 Installed: libkadm5-1.15.1-37.el7_6.x86_64
Apr 30 12:14:21 Installed: libverto-devel-0.2.5-4.el7.x86_64
Apr 30 12:14:21 Installed: keyutils-libs-devel-1.5.8-3.el7.x86_64
Apr 30 12:14:21 Installed: krb5-devel-1.15.1-37.el7_6.x86_64
Apr 30 12:14:22 Installed: 1:openssl-devel-1.0.2k-16.el7_6.1.x86_64
Apr 30 12:24:55 Installed: bc-1.06.95-13.el7.x86_64
